
> frontend@0.1.0 build
> next build

Γû▓ Next.js 16.1.4 (Turbopack)

  Creating an optimized production build ...
Γ£ô Compiled successfully in 8.3s
  Running TypeScript ...
  Collecting page data using 11 workers ...
  Generating static pages using 11 workers (0/9) ...
ΓÜá metadataBase property in metadata export is not set for resolving social open graph or twitter images, using "http://localhost:3000". See https://nextjs.org/docs/app/api-reference/functions/generate-metadata#metadatabase
  Generating static pages using 11 workers (2/9) 
  Generating static pages using 11 workers (4/9) 
  Generating static pages using 11 workers (6/9) 
Γ£ô Generating static pages using 11 workers (9/9) in 2.8s
  Finalizing page optimization ...

Route (app)
Γöî Γùï /
Γö£ Γùï /_not-found
Γö£ Γùï /accumulation
Γö£ Γùï /bearish
Γö£ ╞Æ /coin/[symbol]
Γö£ Γùï /early-detection
Γö£ Γùï /top-liquidity
Γöö Γùï /uptrending


Γùï  (Static)   prerendered as static content
╞Æ  (Dynamic)  server-rendered on demand

